\BOOKMARK [1][-]{section.1}{\376\377\000I\000n\000t\000r\000o\000d\000u\000c\000t\000i\000o\000n}{}% 1
\BOOKMARK [2][-]{subsection.1.1}{\376\377\000B\000a\000c\000k\000g\000r\000o\000u\000n\000d}{section.1}% 2
\BOOKMARK [2][-]{subsection.1.2}{\376\377\000A\000i\000m\000s\000\040\000a\000n\000d\000\040\000o\000b\000j\000e\000c\000t\000i\000v\000e\000s}{section.1}% 3
\BOOKMARK [2][-]{subsection.1.3}{\376\377\000P\000r\000o\000j\000e\000c\000t\000\040\000o\000v\000e\000r\000v\000i\000e\000w}{section.1}% 4
\BOOKMARK [2][-]{subsection.1.4}{\376\377\000J\000u\000s\000t\000i\000f\000i\000c\000a\000t\000i\000o\000n}{section.1}% 5
\BOOKMARK [1][-]{section.2}{\376\377\000L\000i\000t\000e\000r\000a\000t\000u\000r\000e\000\040\000r\000e\000v\000i\000e\000w}{}% 6
\BOOKMARK [2][-]{subsection.2.1}{\376\377\000D\000o\000m\000a\000i\000n\000\040\000r\000e\000s\000e\000a\000r\000c\000h}{section.2}% 7
\BOOKMARK [3][-]{subsubsection.2.1.1}{\376\377\000I\000n\000t\000r\000o\000d\000u\000c\000t\000i\000o\000n}{subsection.2.1}% 8
\BOOKMARK [3][-]{subsubsection.2.1.2}{\376\377\000P\000r\000o\000b\000l\000e\000m\000\040\000d\000o\000m\000a\000i\000n}{subsection.2.1}% 9
\BOOKMARK [3][-]{subsubsection.2.1.3}{\376\377\000R\000e\000v\000i\000e\000w}{subsection.2.1}% 10
\BOOKMARK [3][-]{subsubsection.2.1.4}{\376\377\000C\000o\000n\000c\000l\000u\000s\000i\000o\000n\000s}{subsection.2.1}% 11
\BOOKMARK [2][-]{subsection.2.2}{\376\377\000M\000e\000t\000h\000o\000d\000o\000l\000o\000g\000y}{section.2}% 12
\BOOKMARK [3][-]{subsubsection.2.2.1}{\376\377\000R\000e\000l\000a\000t\000e\000d\000\040\000w\000o\000r\000k}{subsection.2.2}% 13
\BOOKMARK [3][-]{subsubsection.2.2.2}{\376\377\000D\000e\000f\000i\000n\000i\000n\000g\000\040\000s\000o\000f\000t\000w\000a\000r\000e\000\040\000q\000u\000a\000l\000i\000t\000y}{subsection.2.2}% 14
\BOOKMARK [3][-]{subsubsection.2.2.3}{\376\377\000C\000o\000n\000s\000i\000d\000e\000r\000a\000t\000i\000o\000n\000s}{subsection.2.2}% 15
\BOOKMARK [3][-]{subsubsection.2.2.4}{\376\377\000R\000e\000q\000u\000i\000r\000e\000m\000e\000n\000t\000s}{subsection.2.2}% 16
\BOOKMARK [2][-]{subsection.2.3}{\376\377\000D\000e\000s\000i\000g\000n\000\040\000a\000p\000p\000r\000o\000a\000c\000h}{section.2}% 17
\BOOKMARK [3][-]{subsubsection.2.3.1}{\376\377\000O\000v\000e\000r\000v\000i\000e\000w}{subsection.2.3}% 18
\BOOKMARK [3][-]{subsubsection.2.3.2}{\376\377\000T\000e\000c\000h\000i\000n\000i\000c\000a\000l\000\040\000d\000e\000t\000a\000i\000l\000s}{subsection.2.3}% 19
\BOOKMARK [3][-]{subsubsection.2.3.3}{\376\377\000P\000r\000o\000t\000o\000t\000y\000p\000e\000s}{subsection.2.3}% 20
\BOOKMARK [3][-]{subsubsection.2.3.4}{\376\377\000R\000e\000f\000l\000e\000c\000t\000i\000o\000n}{subsection.2.3}% 21
\BOOKMARK [1][-]{section.3}{\376\377\000P\000r\000o\000j\000e\000c\000t\000\040\000d\000e\000v\000e\000l\000o\000p\000m\000e\000n\000t}{}% 22
\BOOKMARK [2][-]{subsection.3.1}{\376\377\000E\000v\000a\000l\000u\000a\000t\000i\000o\000n}{section.3}% 23
\BOOKMARK [2][-]{subsection.3.2}{\376\377\000D\000e\000s\000i\000g\000n\000\040\000p\000h\000i\000l\000o\000s\000o\000p\000h\000y}{section.3}% 24
\BOOKMARK [3][-]{subsubsection.3.2.1}{\376\377\000O\000b\000j\000e\000c\000t\000\040\000o\000r\000i\000e\000n\000t\000e\000d\000\040\000p\000r\000o\000g\000r\000a\000m\000m\000i\000n\000g\000\040\000p\000r\000i\000n\000c\000i\000p\000l\000e\000s\000\040\000a\000n\000d\000\040\000d\000e\000s\000i\000g\000n\000\040\000p\000a\000t\000t\000e\000r\000n\000s}{subsection.3.2}% 25
\BOOKMARK [3][-]{subsubsection.3.2.2}{\376\377\000P\000r\000o\000j\000e\000c\000t\000\040\000m\000a\000n\000a\000g\000e\000m\000e\000n\000t}{subsection.3.2}% 26
\BOOKMARK [2][-]{subsection.3.3}{\376\377\000I\000n\000t\000e\000g\000r\000a\000t\000i\000o\000n}{section.3}% 27
\BOOKMARK [3][-]{subsubsection.3.3.1}{\376\377\000U\000s\000e\000r\000\040\000d\000e\000f\000i\000n\000e\000d\000\040\000c\000o\000n\000f\000i\000g\000u\000r\000a\000t\000i\000o\000n}{subsection.3.3}% 28
\BOOKMARK [3][-]{subsubsection.3.3.2}{\376\377\000N\000a\000m\000i\000n\000g\000\040\000e\000n\000g\000i\000n\000e}{subsection.3.3}% 29
\BOOKMARK [3][-]{subsubsection.3.3.3}{\376\377\000D\000o\000c\000u\000m\000e\000n\000t\000\040\000f\000o\000r\000m\000a\000t\000t\000i\000n\000g}{subsection.3.3}% 30
\BOOKMARK [3][-]{subsubsection.3.3.4}{\376\377\000L\000a\000n\000g\000u\000a\000g\000e\000\040\000f\000e\000a\000t\000u\000r\000e\000s}{subsection.3.3}% 31
\BOOKMARK [2][-]{subsection.3.4}{\376\377\000T\000e\000s\000t\000i\000n\000g}{section.3}% 32
\BOOKMARK [3][-]{subsubsection.3.4.1}{\376\377\000U\000n\000i\000t\000\040\000t\000e\000s\000t\000i\000n\000g}{subsection.3.4}% 33
\BOOKMARK [3][-]{subsubsection.3.4.2}{\376\377\000I\000n\000t\000e\000g\000r\000a\000t\000i\000o\000n\000\040\000t\000e\000s\000t\000i\000n\000g}{subsection.3.4}% 34
\BOOKMARK [3][-]{subsubsection.3.4.3}{\376\377\000S\000t\000a\000n\000d\000a\000l\000o\000n\000e\000\040\000t\000e\000s\000t\000i\000n\000g}{subsection.3.4}% 35
\BOOKMARK [2][-]{subsection.3.5}{\376\377\000P\000r\000o\000d\000u\000c\000t\000\040\000e\000v\000a\000l\000u\000a\000t\000i\000o\000n}{section.3}% 36
\BOOKMARK [1][-]{section.4}{\376\377\000C\000l\000o\000s\000i\000n\000g\000\040\000c\000h\000a\000p\000t\000e\000r\000s}{}% 37
\BOOKMARK [2][-]{subsection.4.1}{\376\377\000S\000u\000m\000m\000a\000r\000y}{section.4}% 38
\BOOKMARK [2][-]{subsection.4.2}{\376\377\000C\000o\000n\000c\000l\000u\000s\000i\000o\000n}{section.4}% 39
\BOOKMARK [2][-]{subsection.4.3}{\376\377\000R\000e\000f\000e\000r\000e\000n\000c\000e\000s}{section.4}% 40
\BOOKMARK [2][-]{subsection.4.4}{\376\377\000A\000p\000p\000e\000n\000d\000i\000c\000e\000s}{section.4}% 41
